<?xml version="1.0" encoding="UTF-8"?>
<testsuite name="smoketest.tomcat.SampleTomcatApplicationTests" tests="1" skipped="0" failures="0" errors="0" timestamp="2021-08-16T12:25:06" hostname="thomasliudeMacBook-Pro.local" time="0.688">
  <properties/>
  <testcase name="testHome()" classname="smoketest.tomcat.SampleTomcatApplicationTests" time="0.688"/>
  <system-out><![CDATA[20:25:01.811 [Test worker] DEBUG org.springframework.test.context.BootstrapUtils - Instantiating CacheAwareContextLoaderDelegate from class [org.springframework.test.context.cache.DefaultCacheAwareContextLoaderDelegate]
20:25:01.831 [Test worker] DEBUG org.springframework.test.context.BootstrapUtils - Instantiating BootstrapContext using constructor [public org.springframework.test.context.support.DefaultBootstrapContext(java.lang.Class,org.springframework.test.context.CacheAwareContextLoaderDelegate)]
20:25:01.892 [Test worker] DEBUG org.springframework.test.context.BootstrapUtils - Instantiating TestContextBootstrapper for test class [smoketest.tomcat.SampleTomcatApplicationTests] from class [org.springframework.boot.test.context.SpringBootTestContextBootstrapper]
20:25:01.904 [Test worker] INFO org.springframework.boot.test.context.SpringBootTestContextBootstrapper - Neither @ContextConfiguration nor @ContextHierarchy found for test class [smoketest.tomcat.SampleTomcatApplicationTests], using SpringBootContextLoader
20:25:01.907 [Test worker] DEBUG org.springframework.test.context.support.AbstractContextLoader - Did not detect default resource location for test class [smoketest.tomcat.SampleTomcatApplicationTests]: class path resource [smoketest/tomcat/SampleTomcatApplicationTests-context.xml] does not exist
20:25:01.908 [Test worker] DEBUG org.springframework.test.context.support.AbstractContextLoader - Did not detect default resource location for test class [smoketest.tomcat.SampleTomcatApplicationTests]: class path resource [smoketest/tomcat/SampleTomcatApplicationTestsContext.groovy] does not exist
20:25:01.908 [Test worker] INFO org.springframework.test.context.support.AbstractContextLoader - Could not detect default resource locations for test class [smoketest.tomcat.SampleTomcatApplicationTests]: no resource found for suffixes {-context.xml, Context.groovy}.
20:25:01.909 [Test worker] INFO org.springframework.test.context.support.AnnotationConfigContextLoaderUtils - Could not detect default configuration classes for test class [smoketest.tomcat.SampleTomcatApplicationTests]: SampleTomcatApplicationTests does not declare any static, non-private, non-final, nested classes annotated with @Configuration.
20:25:02.021 [Test worker] DEBUG org.springframework.test.context.support.ActiveProfilesUtils - Could not find an 'annotation declaring class' for annotation type [org.springframework.test.context.ActiveProfiles] and class [smoketest.tomcat.SampleTomcatApplicationTests]
20:25:02.199 [Test worker] DEBUG org.springframework.context.annotation.ClassPathScanningCandidateComponentProvider - Identified candidate component class: file [/Users/thomasliu/myspace/spring-boot/spring-boot-tests/spring-boot-smoke-tests/spring-boot-smoke-test-tomcat/build/classes/java/main/smoketest/tomcat/SampleTomcatApplication.class]
20:25:02.212 [Test worker] INFO org.springframework.boot.test.context.SpringBootTestContextBootstrapper - Found @SpringBootConfiguration smoketest.tomcat.SampleTomcatApplication for test class smoketest.tomcat.SampleTomcatApplicationTests
20:25:02.330 [Test worker] DEBUG org.springframework.boot.test.context.SpringBootTestContextBootstrapper - @TestExecutionListeners is not present for class [smoketest.tomcat.SampleTomcatApplicationTests]: using defaults.
20:25:02.332 [Test worker] INFO org.springframework.boot.test.context.SpringBootTestContextBootstrapper - Loaded default TestExecutionListener class names from location [META-INF/spring.factories]: [org.springframework.boot.test.autoconfigure.restdocs.RestDocsTestExecutionListener, org.springframework.boot.test.autoconfigure.web.client.MockRestServiceServerResetTestExecutionListener, org.springframework.boot.test.autoconfigure.web.servlet.MockMvcPrintOnlyOnFailureTestExecutionListener, org.springframework.boot.test.autoconfigure.web.servlet.WebDriverTestExecutionListener, org.springframework.boot.test.autoconfigure.webservices.client.MockWebServiceServerTestExecutionListener, org.springframework.boot.test.mock.mockito.MockitoTestExecutionListener, org.springframework.boot.test.mock.mockito.ResetMocksTestExecutionListener, org.springframework.test.context.web.ServletTestExecutionListener, org.springframework.test.context.support.DirtiesContextBeforeModesTestExecutionListener, org.springframework.test.context.event.ApplicationEventsTestExecutionListener, org.springframework.test.context.support.DependencyInjectionTestExecutionListener, org.springframework.test.context.support.DirtiesContextTestExecutionListener, org.springframework.test.context.transaction.TransactionalTestExecutionListener, org.springframework.test.context.jdbc.SqlScriptsTestExecutionListener, org.springframework.test.context.event.EventPublishingTestExecutionListener]
20:25:02.347 [Test worker] DEBUG org.springframework.boot.test.context.SpringBootTestContextBootstrapper - Skipping candidate TestExecutionListener [org.springframework.test.context.transaction.TransactionalTestExecutionListener] due to a missing dependency. Specify custom listener classes or make the default listener classes and their required dependencies available. Offending class: [org/springframework/transaction/interceptor/TransactionAttributeSource]
20:25:02.348 [Test worker] DEBUG org.springframework.boot.test.context.SpringBootTestContextBootstrapper - Skipping candidate TestExecutionListener [org.springframework.test.context.jdbc.SqlScriptsTestExecutionListener] due to a missing dependency. Specify custom listener classes or make the default listener classes and their required dependencies available. Offending class: [org/springframework/transaction/interceptor/TransactionAttribute]
20:25:02.349 [Test worker] INFO org.springframework.boot.test.context.SpringBootTestContextBootstrapper - Using TestExecutionListeners: [org.springframework.test.context.web.ServletTestExecutionListener@47c51b39, org.springframework.test.context.support.DirtiesContextBeforeModesTestExecutionListener@4288ddcf, org.springframework.test.context.event.ApplicationEventsTestExecutionListener@7663c92, org.springframework.boot.test.mock.mockito.MockitoTestExecutionListener@62f15705, org.springframework.boot.test.autoconfigure.SpringBootDependencyInjectionTestExecutionListener@d0294b1, org.springframework.test.context.support.DirtiesContextTestExecutionListener@9e0467b, org.springframework.test.context.event.EventPublishingTestExecutionListener@3fd46979, org.springframework.boot.test.autoconfigure.restdocs.RestDocsTestExecutionListener@577548f9, org.springframework.boot.test.autoconfigure.web.client.MockRestServiceServerResetTestExecutionListener@4e4bf9ba, org.springframework.boot.test.autoconfigure.web.servlet.MockMvcPrintOnlyOnFailureTestExecutionListener@4593ad96, org.springframework.boot.test.autoconfigure.web.servlet.WebDriverTestExecutionListener@59108bfc, org.springframework.boot.test.autoconfigure.webservices.client.MockWebServiceServerTestExecutionListener@24df22a7, org.springframework.boot.test.mock.mockito.ResetMocksTestExecutionListener@35c889af]
20:25:02.356 [Test worker] DEBUG org.springframework.test.context.support.AbstractDirtiesContextTestExecutionListener - Before test class: context [DefaultTestContext@1dfe39f5 testClass = SampleTomcatApplicationTests, testInstance = [null], testMethod = [null], testException = [null], mergedContextConfiguration = [WebMergedContextConfiguration@4bf6c1f5 testClass = SampleTomcatApplicationTests, locations = '{}', classes = '{class smoketest.tomcat.SampleTomcatApplication}', contextInitializerClasses = '[]', activeProfiles = '{}', propertySourceLocations = '{}', propertySourceProperties = '{org.springframework.boot.test.context.SpringBootTestContextBootstrapper=true, server.port=0}', contextCustomizers = set[org.springframework.boot.test.autoconfigure.actuate.metrics.MetricsExportContextCustomizerFactory$DisableMetricExportContextCustomizer@411b4611, org.springframework.boot.test.autoconfigure.properties.PropertyMappingContextCustomizer@0, org.springframework.boot.test.autoconfigure.web.servlet.WebDriverContextCustomizerFactory$Customizer@6137ecc2, org.springframework.boot.test.context.filter.ExcludeFilterContextCustomizer@580ff81d, org.springframework.boot.test.json.DuplicateJsonObjectContextCustomizerFactory$DuplicateJsonObjectContextCustomizer@63b62c0f, org.springframework.boot.test.mock.mockito.MockitoContextCustomizer@0, org.springframework.boot.test.web.client.TestRestTemplateContextCustomizer@b3df5cb, org.springframework.boot.test.context.SpringBootTestArgs@1, org.springframework.boot.test.context.SpringBootTestWebEnvironment@e6c228d], resourceBasePath = 'src/main/webapp', contextLoader = 'org.springframework.boot.test.context.SpringBootContextLoader', parent = [null]], attributes = map['org.springframework.test.context.web.ServletTestExecutionListener.activateListener' -> false]], class annotated with @DirtiesContext [false] with mode [null].
20:25:02.392 [Test worker] DEBUG org.springframework.test.context.support.DependencyInjectionTestExecutionListener - Performing dependency injection for test context [[DefaultTestContext@1dfe39f5 testClass = SampleTomcatApplicationTests, testInstance = smoketest.tomcat.SampleTomcatApplicationTests@28c76f6, testMethod = [null], testException = [null], mergedContextConfiguration = [WebMergedContextConfiguration@4bf6c1f5 testClass = SampleTomcatApplicationTests, locations = '{}', classes = '{class smoketest.tomcat.SampleTomcatApplication}', contextInitializerClasses = '[]', activeProfiles = '{}', propertySourceLocations = '{}', propertySourceProperties = '{org.springframework.boot.test.context.SpringBootTestContextBootstrapper=true, server.port=0}', contextCustomizers = set[org.springframework.boot.test.autoconfigure.actuate.metrics.MetricsExportContextCustomizerFactory$DisableMetricExportContextCustomizer@411b4611, org.springframework.boot.test.autoconfigure.properties.PropertyMappingContextCustomizer@0, org.springframework.boot.test.autoconfigure.web.servlet.WebDriverContextCustomizerFactory$Customizer@6137ecc2, org.springframework.boot.test.context.filter.ExcludeFilterContextCustomizer@580ff81d, org.springframework.boot.test.json.DuplicateJsonObjectContextCustomizerFactory$DuplicateJsonObjectContextCustomizer@63b62c0f, org.springframework.boot.test.mock.mockito.MockitoContextCustomizer@0, org.springframework.boot.test.web.client.TestRestTemplateContextCustomizer@b3df5cb, org.springframework.boot.test.context.SpringBootTestArgs@1, org.springframework.boot.test.context.SpringBootTestWebEnvironment@e6c228d], resourceBasePath = 'src/main/webapp', contextLoader = 'org.springframework.boot.test.context.SpringBootContextLoader', parent = [null]], attributes = map['org.springframework.test.context.web.ServletTestExecutionListener.activateListener' -> false, 'org.springframework.test.context.event.ApplicationEventsTestExecutionListener.recordApplicationEvents' -> false]]].
20:25:02.421 [Test worker] DEBUG org.springframework.test.context.support.TestPropertySourceUtils - Adding inlined properties to environment: {spring.jmx.enabled=false, org.springframework.boot.test.context.SpringBootTestContextBootstrapper=true, server.port=0}

  .   ____          _            __ _ _
 /\\ / ___'_ __ _ _(_)_ __  __ _ \ \ \ \
( ( )\___ | '_ | '_| | '_ \/ _` | \ \ \ \
 \\/  ___)| |_)| | | | | || (_| |  ) ) ) )
  '  |____| .__|_| |_|_| |_\__, | / / / /
 =========|_|==============|___/=/_/_/_/
 :: Spring Boot ::       (v2.6.0-SNAPSHOT)

2021-08-16 20:25:02.941  INFO 23308 --- [    Test worker] s.tomcat.SampleTomcatApplicationTests    : Starting SampleTomcatApplicationTests using Java 1.8.0_211 on thomasliudeMacBook-Pro.local with PID 23308 (started by thomasliu in /Users/thomasliu/myspace/spring-boot/spring-boot-tests/spring-boot-smoke-tests/spring-boot-smoke-test-tomcat)
2021-08-16 20:25:02.952  INFO 23308 --- [    Test worker] s.tomcat.SampleTomcatApplicationTests    : No active profile set, falling back to default profiles: default
2021-08-16 20:25:04.786  INFO 23308 --- [    Test worker] o.s.b.w.embedded.tomcat.TomcatWebServer  : Tomcat initialized with port(s): 0 (http)
2021-08-16 20:25:04.803  INFO 23308 --- [    Test worker] o.apache.catalina.core.StandardService   : Starting service [Tomcat]
2021-08-16 20:25:04.804  INFO 23308 --- [    Test worker] org.apache.catalina.core.StandardEngine  : Starting Servlet engine: [Apache Tomcat/9.0.50]
2021-08-16 20:25:04.902  INFO 23308 --- [    Test worker] o.a.c.c.C.[Tomcat].[localhost].[/]       : Initializing Spring embedded WebApplicationContext
2021-08-16 20:25:04.906  INFO 23308 --- [    Test worker] w.s.c.ServletWebServerApplicationContext : Root WebApplicationContext: initialization completed in 1891 ms
2021-08-16 20:25:05.180  INFO 23308 --- [    Test worker] s.tomcat.SampleTomcatApplication         : ServletContext initialized
2021-08-16 20:25:06.376  INFO 23308 --- [    Test worker] o.s.b.w.embedded.tomcat.TomcatWebServer  : Tomcat started on port(s): 63653 (http) with context path ''
2021-08-16 20:25:06.414  INFO 23308 --- [    Test worker] s.tomcat.SampleTomcatApplicationTests    : Started SampleTomcatApplicationTests in 3.989 seconds (JVM running for 7.261)
2021-08-16 20:25:06.950  INFO 23308 --- [o-auto-1-exec-2] o.a.c.c.C.[Tomcat].[localhost].[/]       : Initializing Spring DispatcherServlet 'dispatcherServlet'
2021-08-16 20:25:06.951  INFO 23308 --- [o-auto-1-exec-2] o.s.web.servlet.DispatcherServlet        : Initializing Servlet 'dispatcherServlet'
2021-08-16 20:25:06.955  INFO 23308 --- [o-auto-1-exec-2] o.s.web.servlet.DispatcherServlet        : Completed initialization in 3 ms
]]></system-out>
  <system-err><![CDATA[]]></system-err>
</testsuite>
