<?xml version="1.0" encoding="UTF-8"?>
<testsuite name="org.springframework.boot.build.context.properties.TableTests" tests="1" skipped="0" failures="0" errors="0" timestamp="2021-07-26T14:47:06" hostname="3f147368-39fa-4804-633f-d9bb3cc75a14" time="0.006">
  <properties/>
  <testcase name="simpleTable()" classname="org.springframework.boot.build.context.properties.TableTests" time="0.006"/>
  <system-out><![CDATA[]]></system-out>
  <system-err><![CDATA[]]></system-err>
</testsuite>
