<?xml version="1.0" encoding="UTF-8"?>
<testsuite name="org.springframework.boot.build.mavenplugin.PluginXmlParserTests" tests="2" skipped="0" failures="0" errors="0" timestamp="2021-07-26T14:47:06" hostname="3f147368-39fa-4804-633f-d9bb3cc75a14" time="0.701">
  <properties/>
  <testcase name="parseNonExistingFileThrowException()" classname="org.springframework.boot.build.mavenplugin.PluginXmlParserTests" time="0.28"/>
  <testcase name="parseExistingDescriptorReturnPluginDescriptor()" classname="org.springframework.boot.build.mavenplugin.PluginXmlParserTests" time="0.419"/>
  <system-out><![CDATA[]]></system-out>
  <system-err><![CDATA[]]></system-err>
</testsuite>
