<?xml version="1.0" encoding="UTF-8"?>
<testsuite name="org.springframework.boot.build.testing.TestFailuresPluginIntegrationTests" tests="4" skipped="0" failures="0" errors="0" timestamp="2021-07-26T14:46:50" hostname="3f147368-39fa-4804-633f-d9bb3cc75a14" time="16.272">
  <properties/>
  <testcase name="multiProjectParallel()" classname="org.springframework.boot.build.testing.TestFailuresPluginIntegrationTests" time="12.327"/>
  <testcase name="multiProjectContinue()" classname="org.springframework.boot.build.testing.TestFailuresPluginIntegrationTests" time="1.995"/>
  <testcase name="singleProject()" classname="org.springframework.boot.build.testing.TestFailuresPluginIntegrationTests" time="0.884"/>
  <testcase name="multiProject()" classname="org.springframework.boot.build.testing.TestFailuresPluginIntegrationTests" time="1.061"/>
  <system-out><![CDATA[]]></system-out>
  <system-err><![CDATA[]]></system-err>
</testsuite>
