<?xml version="1.0" encoding="UTF-8"?>
<testsuite name="org.springframework.boot.build.artifactory.ArtifactoryRepositoryTests" tests="4" skipped="0" failures="0" errors="0" timestamp="2021-07-26T14:47:08" hostname="3f147368-39fa-4804-633f-d9bb3cc75a14" time="4.022">
  <properties/>
  <testcase name="whenProjectVersionIsMilestoneThenRepositoryIsMilestone()" classname="org.springframework.boot.build.artifactory.ArtifactoryRepositoryTests" time="4.005"/>
  <testcase name="whenProjectVersionIsReleaseCandidateThenRepositoryIsMilestone()" classname="org.springframework.boot.build.artifactory.ArtifactoryRepositoryTests" time="0.008"/>
  <testcase name="whenProjectVersionIsReleaseThenRepositoryIsRelease()" classname="org.springframework.boot.build.artifactory.ArtifactoryRepositoryTests" time="0.005"/>
  <testcase name="whenProjectVersionIsSnapshotThenRepositoryIsSnapshot()" classname="org.springframework.boot.build.artifactory.ArtifactoryRepositoryTests" time="0.003"/>
  <system-out><![CDATA[]]></system-out>
  <system-err><![CDATA[]]></system-err>
</testsuite>
