<?xml version="1.0" encoding="UTF-8"?>
<testsuite name="org.springframework.boot.build.bom.bomr.version.DependencyVersionTests" tests="8" skipped="0" failures="0" errors="0" timestamp="2021-07-26T14:47:07" hostname="3f147368-39fa-4804-633f-d9bb3cc75a14" time="0.004">
  <properties/>
  <testcase name="parseWhenCalendarVersionShouldReturnArticatVersionDependencyVersion()" classname="org.springframework.boot.build.bom.bomr.version.DependencyVersionTests" time="0.001"/>
  <testcase name="parseWhenMavenLikeVersionWithNumericQualifierShouldReturnNumericQualifierDependencyVersion()" classname="org.springframework.boot.build.bom.bomr.version.DependencyVersionTests" time="0.0"/>
  <testcase name="parseWhenVersionWithLeadingZeroesShouldReturnLeadingZeroesDependencyVersion()" classname="org.springframework.boot.build.bom.bomr.version.DependencyVersionTests" time="0.001"/>
  <testcase name="calendarVersionShouldBeNewerThanAReleaseCalendarVersion()" classname="org.springframework.boot.build.bom.bomr.version.DependencyVersionTests" time="0.0"/>
  <testcase name="parseWhenCalendarVersionWithModifierShouldReturnArticatVersionDependencyVersion()" classname="org.springframework.boot.build.bom.bomr.version.DependencyVersionTests" time="0.001"/>
  <testcase name="parseWhenValidMavenVersionShouldReturnArtifactVersionDependencyVersion()" classname="org.springframework.boot.build.bom.bomr.version.DependencyVersionTests" time="0.0"/>
  <testcase name="parseWhenReleaseTrainShouldReturnReleaseTrainDependencyVersion()" classname="org.springframework.boot.build.bom.bomr.version.DependencyVersionTests" time="0.001"/>
  <testcase name="parseWhenVersionWithCombinedPatchAndQualifierShouldReturnCombinedPatchAndQualifierDependencyVersion()" classname="org.springframework.boot.build.bom.bomr.version.DependencyVersionTests" time="0.0"/>
  <system-out><![CDATA[]]></system-out>
  <system-err><![CDATA[]]></system-err>
</testsuite>
