<?xml version="1.0" encoding="UTF-8"?>
<testsuite name="org.springframework.boot.build.optional.OptionalDependenciesPluginIntegrationTests" tests="5" skipped="0" failures="0" errors="0" timestamp="2021-07-26T14:46:31" hostname="3f147368-39fa-4804-633f-d9bb3cc75a14" time="17.429">
  <properties/>
  <testcase name="optionalDependenciesAreAddedToMainSourceSetsRuntimeClasspath()" classname="org.springframework.boot.build.optional.OptionalDependenciesPluginIntegrationTests" time="16.594"/>
  <testcase name="optionalConfigurationIsCreated()" classname="org.springframework.boot.build.optional.OptionalDependenciesPluginIntegrationTests" time="0.289"/>
  <testcase name="optionalDependenciesAreAddedToTestSourceSetsRuntimeClasspath()" classname="org.springframework.boot.build.optional.OptionalDependenciesPluginIntegrationTests" time="0.198"/>
  <testcase name="optionalDependenciesAreAddedToMainSourceSetsCompileClasspath()" classname="org.springframework.boot.build.optional.OptionalDependenciesPluginIntegrationTests" time="0.183"/>
  <testcase name="optionalDependenciesAreAddedToTestSourceSetsCompileClasspath()" classname="org.springframework.boot.build.optional.OptionalDependenciesPluginIntegrationTests" time="0.161"/>
  <system-out><![CDATA[]]></system-out>
  <system-err><![CDATA[]]></system-err>
</testsuite>
