<?xml version="1.0" encoding="UTF-8"?>
<testsuite name="org.springframework.boot.build.bom.bomr.version.ReleaseTrainDependencyVersionTests" tests="17" skipped="0" failures="0" errors="0" timestamp="2021-07-26T14:47:07" hostname="3f147368-39fa-4804-633f-d9bb3cc75a14" time="0.013">
  <properties/>
  <testcase name="isSameMajorAndNewerThanWhenVersionIsNewerShouldReturnTrue()" classname="org.springframework.boot.build.bom.bomr.version.ReleaseTrainDependencyVersionTests" time="0.002"/>
  <testcase name="releaseTrainVersionIsNotSameMinorAsCalendarVersion()" classname="org.springframework.boot.build.bom.bomr.version.ReleaseTrainDependencyVersionTests" time="0.0"/>
  <testcase name="isSameMinorAndNewerThanWhenReleaseTrainAndVersionAreTheSameShouldReturnFalse()" classname="org.springframework.boot.build.bom.bomr.version.ReleaseTrainDependencyVersionTests" time="0.0"/>
  <testcase name="isNewerThanWhenVersionIsOlderShouldReturnFalse()" classname="org.springframework.boot.build.bom.bomr.version.ReleaseTrainDependencyVersionTests" time="0.0"/>
  <testcase name="parsingOfAReleaseTrainVersionReturnsVersion()" classname="org.springframework.boot.build.bom.bomr.version.ReleaseTrainDependencyVersionTests" time="0.0"/>
  <testcase name="releaseTrainVersionIsNotNewerThanCalendarVersion()" classname="org.springframework.boot.build.bom.bomr.version.ReleaseTrainDependencyVersionTests" time="0.0"/>
  <testcase name="whenComparedWithADifferentDependencyVersionTypeThenTheResultsAreNonZero()" classname="org.springframework.boot.build.bom.bomr.version.ReleaseTrainDependencyVersionTests" time="0.003"/>
  <testcase name="releaseTrainVersionIsNotSameMajorAsCalendarTrainVersion()" classname="org.springframework.boot.build.bom.bomr.version.ReleaseTrainDependencyVersionTests" time="0.0"/>
  <testcase name="isSameMajorAndNewerWhenWhenReleaseTrainIsNewerShouldReturnTrue()" classname="org.springframework.boot.build.bom.bomr.version.ReleaseTrainDependencyVersionTests" time="0.0"/>
  <testcase name="isSameMinorAndNewerThanWhenReleaseTrainIsTheSameAndVersionIsNewerShouldReturnTrue()" classname="org.springframework.boot.build.bom.bomr.version.ReleaseTrainDependencyVersionTests" time="0.0"/>
  <testcase name="isNewerThanWhenReleaseTrainIsNewerShouldReturnTrue()" classname="org.springframework.boot.build.bom.bomr.version.ReleaseTrainDependencyVersionTests" time="0.001"/>
  <testcase name="isSameMinorAndNewerThanWhenReleaseTrainIsTheSameAndVersionIsOlderShouldReturnFalse()" classname="org.springframework.boot.build.bom.bomr.version.ReleaseTrainDependencyVersionTests" time="0.0"/>
  <testcase name="isSameMajorAndNewerThanWhenReleaseTrainIsOlderShouldReturnFalse()" classname="org.springframework.boot.build.bom.bomr.version.ReleaseTrainDependencyVersionTests" time="0.0"/>
  <testcase name="isSameMinorAndNewerThanWhenReleaseTrainIsNewerShouldReturnFalse()" classname="org.springframework.boot.build.bom.bomr.version.ReleaseTrainDependencyVersionTests" time="0.0"/>
  <testcase name="isNewerThanWhenVersionIsNewerShouldReturnTrue()" classname="org.springframework.boot.build.bom.bomr.version.ReleaseTrainDependencyVersionTests" time="0.0"/>
  <testcase name="isNewerThanWhenReleaseTrainIsOlderShouldReturnFalse()" classname="org.springframework.boot.build.bom.bomr.version.ReleaseTrainDependencyVersionTests" time="0.0"/>
  <testcase name="parsingOfANonReleaseTrainVersionReturnsNull()" classname="org.springframework.boot.build.bom.bomr.version.ReleaseTrainDependencyVersionTests" time="0.0"/>
  <system-out><![CDATA[]]></system-out>
  <system-err><![CDATA[]]></system-err>
</testsuite>
