<?xml version="1.0" encoding="UTF-8"?>
<testsuite name="org.springframework.boot.build.context.properties.SingleRowTests" tests="7" skipped="0" failures="0" errors="0" timestamp="2021-07-26T14:47:06" hostname="3f147368-39fa-4804-633f-d9bb3cc75a14" time="0.008">
  <properties/>
  <testcase name="mapProperty()" classname="org.springframework.boot.build.context.properties.SingleRowTests" time="0.002"/>
  <testcase name="defaultValueWithBackslash()" classname="org.springframework.boot.build.context.properties.SingleRowTests" time="0.002"/>
  <testcase name="listProperty()" classname="org.springframework.boot.build.context.properties.SingleRowTests" time="0.001"/>
  <testcase name="simpleProperty()" classname="org.springframework.boot.build.context.properties.SingleRowTests" time="0.001"/>
  <testcase name="defaultValueWithPipes()" classname="org.springframework.boot.build.context.properties.SingleRowTests" time="0.0"/>
  <testcase name="descriptionWithPipe()" classname="org.springframework.boot.build.context.properties.SingleRowTests" time="0.0"/>
  <testcase name="noDefaultValue()" classname="org.springframework.boot.build.context.properties.SingleRowTests" time="0.0"/>
  <system-out><![CDATA[]]></system-out>
  <system-err><![CDATA[]]></system-err>
</testsuite>
