<?xml version="1.0" encoding="UTF-8"?>
<testsuite name="org.springframework.boot.build.bom.bomr.UpgradeApplicatorTests" tests="3" skipped="0" failures="0" errors="0" timestamp="2021-07-26T14:47:07" hostname="3f147368-39fa-4804-633f-d9bb3cc75a14" time="0.013">
  <properties/>
  <testcase name="whenUpgradeIsAppliedToLibraryWithVersionThenBomIsUpdated()" classname="org.springframework.boot.build.bom.bomr.UpgradeApplicatorTests" time="0.005"/>
  <testcase name="whenUpgradeIsAppliedToLibraryWithAlignedVersionThenBomIsUpdated()" classname="org.springframework.boot.build.bom.bomr.UpgradeApplicatorTests" time="0.001"/>
  <testcase name="whenUpgradeIsAppliedToLibraryWithVersionPropertyThenGradlePropertiesIsUpdated()" classname="org.springframework.boot.build.bom.bomr.UpgradeApplicatorTests" time="0.005"/>
  <system-out><![CDATA[]]></system-out>
  <system-err><![CDATA[]]></system-err>
</testsuite>
