<?xml version="1.0" encoding="UTF-8"?>
<testsuite name="org.springframework.boot.build.bom.bomr.version.NumericQualifierDependencyVersionTests" tests="4" skipped="0" failures="0" errors="0" timestamp="2021-07-26T14:47:07" hostname="3f147368-39fa-4804-633f-d9bb3cc75a14" time="0.015">
  <properties/>
  <testcase name="isNewerThanOnVersionWithNumericQualifierWhenInputHasNoQualifierShouldReturnTrue()" classname="org.springframework.boot.build.bom.bomr.version.NumericQualifierDependencyVersionTests" time="0.014"/>
  <testcase name="isNewerThanOnVersionWithNumericQualifierWhenInputHasOlderQualifierShouldReturnTrue()" classname="org.springframework.boot.build.bom.bomr.version.NumericQualifierDependencyVersionTests" time="0.0"/>
  <testcase name="isNewerThanOnVersionWithNumericQualifierWhenInputHasNewerQualifierShouldReturnFalse()" classname="org.springframework.boot.build.bom.bomr.version.NumericQualifierDependencyVersionTests" time="0.0"/>
  <testcase name="isNewerThanOnVersionWithNumericQualifierWhenInputHasSameQualifierShouldReturnFalse()" classname="org.springframework.boot.build.bom.bomr.version.NumericQualifierDependencyVersionTests" time="0.0"/>
  <system-out><![CDATA[]]></system-out>
  <system-err><![CDATA[]]></system-err>
</testsuite>
