<?xml version="1.0" encoding="UTF-8"?>
<testsuite name="org.springframework.boot.build.ConventionsPluginTests" tests="5" skipped="0" failures="0" errors="0" timestamp="2021-07-26T14:46:48" hostname="3f147368-39fa-4804-633f-d9bb3cc75a14" time="1.69">
  <properties/>
  <testcase name="testRetryIsConfiguredWithZeroRetriesLocally()" classname="org.springframework.boot.build.ConventionsPluginTests" time="0.607"/>
  <testcase name="testRetryIsConfiguredWithThreeRetriesOnCI()" classname="org.springframework.boot.build.ConventionsPluginTests" time="0.149"/>
  <testcase name="javadocJarIsBuilt()" classname="org.springframework.boot.build.ConventionsPluginTests" time="0.496"/>
  <testcase name="jarIncludesLegalFiles()" classname="org.springframework.boot.build.ConventionsPluginTests" time="0.239"/>
  <testcase name="sourceJarIsBuilt()" classname="org.springframework.boot.build.ConventionsPluginTests" time="0.198"/>
  <system-out><![CDATA[]]></system-out>
  <system-err><![CDATA[]]></system-err>
</testsuite>
