<?xml version="1.0" encoding="UTF-8"?>
<testsuite name="org.springframework.boot.build.bom.BomPluginIntegrationTests" tests="5" skipped="0" failures="0" errors="0" timestamp="2021-07-26T14:47:07" hostname="3f147368-39fa-4804-633f-d9bb3cc75a14" time="1.034">
  <properties/>
  <testcase name="libraryNamedSpringBootHasNoVersionProperty()" classname="org.springframework.boot.build.bom.BomPluginIntegrationTests" time="0.612"/>
  <testcase name="libraryPluginsAreIncludedInPluginManagementOfGeneratedPom()" classname="org.springframework.boot.build.bom.BomPluginIntegrationTests" time="0.107"/>
  <testcase name="libraryModulesAreIncludedInDependencyManagementOfGeneratedPom()" classname="org.springframework.boot.build.bom.BomPluginIntegrationTests" time="0.118"/>
  <testcase name="moduleExclusionsAreIncludedInDependencyManagementOfGeneratedPom()" classname="org.springframework.boot.build.bom.BomPluginIntegrationTests" time="0.101"/>
  <testcase name="libraryImportsAreIncludedInDependencyManagementOfGeneratedPom()" classname="org.springframework.boot.build.bom.BomPluginIntegrationTests" time="0.095"/>
  <system-out><![CDATA[]]></system-out>
  <system-err><![CDATA[]]></system-err>
</testsuite>
